weChat/build/outputs/logs/manifest-merger-debug-report.txt
-- Merging decision tree log ---
manifest
ADDED from src\main\AndroidManifest.xml:2:1-46:12
	xmlns:android
		ADDED from src\main\AndroidManifest.xml:2:11-69
	package
		ADDED from src\main\AndroidManifest.xml:3:5-21
		INJECTED from src\main\AndroidManifest.xml
		INJECTED from src\main\AndroidManifest.xml
	android:versionName
		ADDED from src\main\AndroidManifest.xml:5:5-30
		INJECTED from src\main\AndroidManifest.xml
		INJECTED from src\main\AndroidManifest.xml
	android:versionCode
		ADDED from src\main\AndroidManifest.xml:4:5-28
		INJECTED from src\main\AndroidManifest.xml
		INJECTED from src\main\AndroidManifest.xml
uses-sdk
ADDED from src\main\AndroidManifest.xml:6:5-74
MERGED from [com.android.support:support-v4:23.0.1] AndroidManifest.xml:20:5-43
MERGED from [com.android.support:appcompat-v7:23.0.1] AndroidManifest.xml:20:5-43
MERGED from [com.android.support:support-v4:23.0.1] AndroidManifest.xml:20:5-43
	android:targetSdkVersion
		ADDED from src\main\AndroidManifest.xml:6:42-71
		INJECTED from src\main\AndroidManifest.xml
		INJECTED from src\main\AndroidManifest.xml
	android:minSdkVersion
		ADDED from src\main\AndroidManifest.xml:6:15-41
		INJECTED from src\main\AndroidManifest.xml
		INJECTED from src\main\AndroidManifest.xml
application
ADDED from src\main\AndroidManifest.xml:7:5-38:19
MERGED from [com.android.support:support-v4:23.0.1] AndroidManifest.xml:22:5-20
MERGED from [com.android.support:appcompat-v7:23.0.1] AndroidManifest.xml:22:5-20
MERGED from [com.android.support:support-v4:23.0.1] AndroidManifest.xml:22:5-20
	android:label
		ADDED from src\main\AndroidManifest.xml:11:9-41
	android:allowBackup
		ADDED from src\main\AndroidManifest.xml:9:9-35
	android:icon
		ADDED from src\main\AndroidManifest.xml:10:9-45
	android:theme
		ADDED from src\main\AndroidManifest.xml:12:9-40
	android:name
		ADDED from src\main\AndroidManifest.xml:8:9-72
activity#com.wuxianedu.wechat.activity.WelcomActivity
ADDED from src\main\AndroidManifest.xml:13:9-20:20
	android:label
		ADDED from src\main\AndroidManifest.xml:15:13-45
	android:name
		ADDED from src\main\AndroidManifest.xml:14:13-72
intent-filter#android.intent.action.MAIN+android.intent.category.LAUNCHER
ADDED from src\main\AndroidManifest.xml:16:13-19:29
action#android.intent.action.MAIN
ADDED from src\main\AndroidManifest.xml:17:17-69
	android:name
		ADDED from src\main\AndroidManifest.xml:17:25-66
category#android.intent.category.LAUNCHER
ADDED from src\main\AndroidManifest.xml:18:17-77
	android:name
		ADDED from src\main\AndroidManifest.xml:18:27-74
activity#com.wuxianedu.wechat.activity.LoginActivity
ADDED from src\main\AndroidManifest.xml:21:9-79
	android:name
		ADDED from src\main\AndroidManifest.xml:21:19-77
activity#com.wuxianedu.wechat.activity.RegisteredActivity
ADDED from src\main\AndroidManifest.xml:22:10-85
	android:name
		ADDED from src\main\AndroidManifest.xml:22:20-83
activity#com.wuxianedu.wechat.activity.PictureActivity
ADDED from src\main\AndroidManifest.xml:23:10-82
	android:name
		ADDED from src\main\AndroidManifest.xml:23:20-80
activity#com.wuxianedu.wechat.activity.MainActivity
ADDED from src\main\AndroidManifest.xml:24:10-25:55
	android:windowSoftInputMode
		ADDED from src\main\AndroidManifest.xml:25:14-53
	android:name
		ADDED from src\main\AndroidManifest.xml:24:20-77
activity#com.wuxianedu.wechat.activity.GroupChatActivity
ADDED from src\main\AndroidManifest.xml:26:10-84
	android:name
		ADDED from src\main\AndroidManifest.xml:26:20-82
activity#com.wuxianedu.wechat.activity.UserDetailsActivity
ADDED from src\main\AndroidManifest.xml:27:10-86
	android:name
		ADDED from src\main\AndroidManifest.xml:27:20-84
activity#com.wuxianedu.wechat.activity.FriendsActivity
ADDED from src\main\AndroidManifest.xml:28:10-82
	android:name
		ADDED from src\main\AndroidManifest.xml:28:20-80
activity#com.wuxianedu.wechat.activity.NewFriendsActivity
ADDED from src\main\AndroidManifest.xml:29:10-85
	android:name
		ADDED from src\main\AndroidManifest.xml:29:20-83
activity#com.wuxianedu.wechat.activity.ChatActivity
ADDED from src\main\AndroidManifest.xml:30:10-79
	android:name
		ADDED from src\main\AndroidManifest.xml:30:20-77
activity#com.wuxianedu.wechat.activity.InstallActivity
ADDED from src\main\AndroidManifest.xml:31:10-34:21
	android:name
		ADDED from src\main\AndroidManifest.xml:31:20-80
action#com.wuxianedu.wechat.activity.INSTALL
ADDED from src\main\AndroidManifest.xml:32:14-77
	android:name
		ADDED from src\main\AndroidManifest.xml:32:22-74
category#com.wuxianedu.wechat.activity.DEFAULT
ADDED from src\main\AndroidManifest.xml:33:14-79
	android:name
		ADDED from src\main\AndroidManifest.xml:33:24-76
activity#com.wuxianedu.wechat.activity.SubscriptionActivity
ADDED from src\main\AndroidManifest.xml:35:10-87
	android:name
		ADDED from src\main\AndroidManifest.xml:35:20-85
activity#com.wuxianedu.wechat.activity.SubscriptionDetailsActivity
ADDED from src\main\AndroidManifest.xml:36:10-94
	android:name
		ADDED from src\main\AndroidManifest.xml:36:20-92
service#com.wuxianedu.wechat.activity.mi.ChatService
ADDED from src\main\AndroidManifest.xml:37:9-79
	android:name
		ADDED from src\main\AndroidManifest.xml:37:18-77
uses-permission#android.permission.INTERNET
ADDED from src\main\AndroidManifest.xml:39:1-62
	android:name
		ADDED from src\main\AndroidManifest.xml:39:18-60
uses-permission#android.permission.READ_EXTERNAL_STORAGE
ADDED from src\main\AndroidManifest.xml:40:1-75
	android:name
		ADDED from src\main\AndroidManifest.xml:40:18-73
uses-permission#android.permission.WRITE_EXTERNAL_STORAGE
ADDED from src\main\AndroidManifest.xml:41:1-76
	android:name
		ADDED from src\main\AndroidManifest.xml:41:18-74
uses-permission#android.permission.RECORD_AUDIO
ADDED from src\main\AndroidManifest.xml:42:1-66
	android:name
		ADDED from src\main\AndroidManifest.xml:42:18-64
uses-permission#android.permission.READ.PHONE.STATE
ADDED from src\main\AndroidManifest.xml:43:1-70
	android:name
		ADDED from src\main\AndroidManifest.xml:43:18-68
uses-permission#android.permission.ACCESS.WIFI.STATE
ADDED from src\main\AndroidManifest.xml:44:1-71
	android:name
		ADDED from src\main\AndroidManifest.xml:44:18-69
uses-permission#android.permission.ACCESS.NETWORK.STATE
ADDED from src\main\AndroidManifest.xml:45:1-74
	android:name
		ADDED from src\main\AndroidManifest.xml:45:18-72